ARM GAS  C:\Users\JEROME~1.CRO\AppData\Local\Temp\ccLO14UP.s 			page 1


   1              		.syntax unified
   2              		.cpu cortex-m0
   3              		.fpu softvfp
   4              		.eabi_attribute 20, 1
   5              		.eabi_attribute 21, 1
   6              		.eabi_attribute 23, 3
   7              		.eabi_attribute 24, 1
   8              		.eabi_attribute 25, 1
   9              		.eabi_attribute 26, 1
  10              		.eabi_attribute 30, 1
  11              		.eabi_attribute 34, 0
  12              		.eabi_attribute 18, 4
  13              		.thumb
  14              		.syntax unified
  15              		.file	"ble_custom.c"
  16              		.text
  17              	.Ltext0:
  18              		.cfi_sections	.debug_frame
  19              		.section	.text.CyBle_CustomInit,"ax",%progbits
  20              		.align	2
  21              		.global	CyBle_CustomInit
  22              		.code	16
  23              		.thumb_func
  24              		.type	CyBle_CustomInit, %function
  25              	CyBle_CustomInit:
  26              	.LFB2:
  27              		.file 1 "Generated_Source\\PSoC4\\ble_custom.c"
   1:Generated_Source\PSoC4/ble_custom.c **** /***************************************************************************//**
   2:Generated_Source\PSoC4/ble_custom.c **** * \file CYBLE_custom.c
   3:Generated_Source\PSoC4/ble_custom.c **** * \version 3.54
   4:Generated_Source\PSoC4/ble_custom.c **** * 
   5:Generated_Source\PSoC4/ble_custom.c **** * \brief
   6:Generated_Source\PSoC4/ble_custom.c **** *  Contains the source code for the Custom Service.
   7:Generated_Source\PSoC4/ble_custom.c **** * 
   8:Generated_Source\PSoC4/ble_custom.c **** ********************************************************************************
   9:Generated_Source\PSoC4/ble_custom.c **** * \copyright
  10:Generated_Source\PSoC4/ble_custom.c **** * Copyright 2014-2018, Cypress Semiconductor Corporation.  All rights reserved.
  11:Generated_Source\PSoC4/ble_custom.c **** * You may use this file only in accordance with the license, terms, conditions,
  12:Generated_Source\PSoC4/ble_custom.c **** * disclaimers, and limitations in the end user license agreement accompanying
  13:Generated_Source\PSoC4/ble_custom.c **** * the software package with which this file was provided.
  14:Generated_Source\PSoC4/ble_custom.c **** *******************************************************************************/
  15:Generated_Source\PSoC4/ble_custom.c **** 
  16:Generated_Source\PSoC4/ble_custom.c **** 
  17:Generated_Source\PSoC4/ble_custom.c **** #include "ble_eventHandler.h"
  18:Generated_Source\PSoC4/ble_custom.c **** 
  19:Generated_Source\PSoC4/ble_custom.c **** #ifdef CYBLE_CUSTOM_SERVER
  20:Generated_Source\PSoC4/ble_custom.c **** 
  21:Generated_Source\PSoC4/ble_custom.c **** /* If any custom service with custom characteristics is defined in the
  22:Generated_Source\PSoC4/ble_custom.c **** * customizer's GUI their handles will be present in this array.
  23:Generated_Source\PSoC4/ble_custom.c **** */
  24:Generated_Source\PSoC4/ble_custom.c **** /* This array contains attribute handles for the defined Custom Services and their characteristics 
  25:Generated_Source\PSoC4/ble_custom.c ****    The array index definitions are located in the CYBLE_custom.h file. */
  26:Generated_Source\PSoC4/ble_custom.c **** const CYBLE_CUSTOMS_T cyBle_customs[0x01u] = {
  27:Generated_Source\PSoC4/ble_custom.c **** 
  28:Generated_Source\PSoC4/ble_custom.c ****     /* ledcapsense service */
  29:Generated_Source\PSoC4/ble_custom.c ****     {
  30:Generated_Source\PSoC4/ble_custom.c ****         0x000Cu, /* Handle of the ledcapsense service */ 
ARM GAS  C:\Users\JEROME~1.CRO\AppData\Local\Temp\ccLO14UP.s 			page 2


  31:Generated_Source\PSoC4/ble_custom.c ****         {
  32:Generated_Source\PSoC4/ble_custom.c **** 
  33:Generated_Source\PSoC4/ble_custom.c ****             /* led characteristic */
  34:Generated_Source\PSoC4/ble_custom.c ****             {
  35:Generated_Source\PSoC4/ble_custom.c ****                 0x000Eu, /* Handle of the led characteristic */ 
  36:Generated_Source\PSoC4/ble_custom.c ****                 
  37:Generated_Source\PSoC4/ble_custom.c ****                 /* Array of Descriptors handles */
  38:Generated_Source\PSoC4/ble_custom.c ****                 {
  39:Generated_Source\PSoC4/ble_custom.c ****                     0x000Fu, /* Handle of the Characteristic User Description descriptor */ 
  40:Generated_Source\PSoC4/ble_custom.c ****                     CYBLE_GATT_INVALID_ATTR_HANDLE_VALUE, 
  41:Generated_Source\PSoC4/ble_custom.c ****                 }, 
  42:Generated_Source\PSoC4/ble_custom.c ****             },
  43:Generated_Source\PSoC4/ble_custom.c **** 
  44:Generated_Source\PSoC4/ble_custom.c ****             /* capsense characteristic */
  45:Generated_Source\PSoC4/ble_custom.c ****             {
  46:Generated_Source\PSoC4/ble_custom.c ****                 0x0011u, /* Handle of the capsense characteristic */ 
  47:Generated_Source\PSoC4/ble_custom.c ****                 
  48:Generated_Source\PSoC4/ble_custom.c ****                 /* Array of Descriptors handles */
  49:Generated_Source\PSoC4/ble_custom.c ****                 {
  50:Generated_Source\PSoC4/ble_custom.c ****                     0x0012u, /* Handle of the capsensecccd descriptor */ 
  51:Generated_Source\PSoC4/ble_custom.c ****                     0x0013u, /* Handle of the Characteristic User Description descriptor */ 
  52:Generated_Source\PSoC4/ble_custom.c ****                 }, 
  53:Generated_Source\PSoC4/ble_custom.c ****             },
  54:Generated_Source\PSoC4/ble_custom.c **** 
  55:Generated_Source\PSoC4/ble_custom.c ****             /* analogIn characteristic */
  56:Generated_Source\PSoC4/ble_custom.c ****             {
  57:Generated_Source\PSoC4/ble_custom.c ****                 0x0015u, /* Handle of the analogIn characteristic */ 
  58:Generated_Source\PSoC4/ble_custom.c ****                 
  59:Generated_Source\PSoC4/ble_custom.c ****                 /* Array of Descriptors handles */
  60:Generated_Source\PSoC4/ble_custom.c ****                 {
  61:Generated_Source\PSoC4/ble_custom.c ****                     0x0016u, /* Handle of the Characteristic User Description descriptor */ 
  62:Generated_Source\PSoC4/ble_custom.c ****                     0x0017u, /* Handle of the aincccd descriptor */ 
  63:Generated_Source\PSoC4/ble_custom.c ****                 }, 
  64:Generated_Source\PSoC4/ble_custom.c ****             },
  65:Generated_Source\PSoC4/ble_custom.c ****         }, 
  66:Generated_Source\PSoC4/ble_custom.c ****     },
  67:Generated_Source\PSoC4/ble_custom.c **** };
  68:Generated_Source\PSoC4/ble_custom.c **** 
  69:Generated_Source\PSoC4/ble_custom.c **** 
  70:Generated_Source\PSoC4/ble_custom.c **** #endif /* (CYBLE_CUSTOM_SERVER) */
  71:Generated_Source\PSoC4/ble_custom.c **** 
  72:Generated_Source\PSoC4/ble_custom.c **** #ifdef CYBLE_CUSTOM_CLIENT
  73:Generated_Source\PSoC4/ble_custom.c ****     
  74:Generated_Source\PSoC4/ble_custom.c **** 
  75:Generated_Source\PSoC4/ble_custom.c **** static uint16 cyBle_customDisServIndex;
  76:Generated_Source\PSoC4/ble_custom.c **** static uint16 cyBle_customDisCharIndex;
  77:Generated_Source\PSoC4/ble_custom.c **** 
  78:Generated_Source\PSoC4/ble_custom.c **** #endif /* (CYBLE_CUSTOM_CLIENT) */
  79:Generated_Source\PSoC4/ble_custom.c **** 
  80:Generated_Source\PSoC4/ble_custom.c **** 
  81:Generated_Source\PSoC4/ble_custom.c **** /****************************************************************************** 
  82:Generated_Source\PSoC4/ble_custom.c **** * Function Name: CyBle_CustomInit
  83:Generated_Source\PSoC4/ble_custom.c **** ***************************************************************************//**
  84:Generated_Source\PSoC4/ble_custom.c **** * 
  85:Generated_Source\PSoC4/ble_custom.c **** *  This function initializes Custom Service.
  86:Generated_Source\PSoC4/ble_custom.c **** * 
  87:Generated_Source\PSoC4/ble_custom.c **** * \return
ARM GAS  C:\Users\JEROME~1.CRO\AppData\Local\Temp\ccLO14UP.s 			page 3


  88:Generated_Source\PSoC4/ble_custom.c **** *  None
  89:Generated_Source\PSoC4/ble_custom.c **** * 
  90:Generated_Source\PSoC4/ble_custom.c **** ******************************************************************************/
  91:Generated_Source\PSoC4/ble_custom.c **** void CyBle_CustomInit(void)
  92:Generated_Source\PSoC4/ble_custom.c **** {
  28              		.loc 1 92 0
  29              		.cfi_startproc
  30              		@ args = 0, pretend = 0, frame = 0
  31              		@ frame_needed = 0, uses_anonymous_args = 0
  32              		@ link register save eliminated.
  93:Generated_Source\PSoC4/ble_custom.c ****     
  94:Generated_Source\PSoC4/ble_custom.c **** #ifdef CYBLE_CUSTOM_CLIENT
  95:Generated_Source\PSoC4/ble_custom.c **** 
  96:Generated_Source\PSoC4/ble_custom.c ****     uint16 locServIndex;
  97:Generated_Source\PSoC4/ble_custom.c ****     uint16 locCharIndex;
  98:Generated_Source\PSoC4/ble_custom.c ****     uint16 locDescIndex;
  99:Generated_Source\PSoC4/ble_custom.c ****     
 100:Generated_Source\PSoC4/ble_custom.c ****     for(locServIndex = 0u; locServIndex < CYBLE_CUSTOMC_SERVICE_COUNT; locServIndex++)
 101:Generated_Source\PSoC4/ble_custom.c ****     {
 102:Generated_Source\PSoC4/ble_custom.c ****         if(cyBle_serverInfo[CYBLE_SRVI_CUSTOMS + locServIndex].range.startHandle == CYBLE_GATT_INVA
 103:Generated_Source\PSoC4/ble_custom.c ****         {
 104:Generated_Source\PSoC4/ble_custom.c ****             for(locCharIndex = 0u; locCharIndex < cyBle_customCServ[locServIndex].charCount; locCha
 105:Generated_Source\PSoC4/ble_custom.c ****             {
 106:Generated_Source\PSoC4/ble_custom.c ****                 cyBle_customCServ[locServIndex].customServChar[locCharIndex].
 107:Generated_Source\PSoC4/ble_custom.c ****                     customServCharHandle = 0u;
 108:Generated_Source\PSoC4/ble_custom.c ****                 
 109:Generated_Source\PSoC4/ble_custom.c ****                 for(locDescIndex = 0u; locDescIndex < 
 110:Generated_Source\PSoC4/ble_custom.c ****                     cyBle_customCServ[locServIndex].customServChar[locCharIndex].descCount; 
 111:Generated_Source\PSoC4/ble_custom.c ****                         locDescIndex++)
 112:Generated_Source\PSoC4/ble_custom.c ****                 {
 113:Generated_Source\PSoC4/ble_custom.c ****                     cyBle_customCServ[locServIndex].customServChar[locCharIndex].
 114:Generated_Source\PSoC4/ble_custom.c ****                         customServCharDesc[locDescIndex].descHandle = 0u;
 115:Generated_Source\PSoC4/ble_custom.c ****                 }
 116:Generated_Source\PSoC4/ble_custom.c ****             }
 117:Generated_Source\PSoC4/ble_custom.c ****         }
 118:Generated_Source\PSoC4/ble_custom.c ****     }
 119:Generated_Source\PSoC4/ble_custom.c **** 
 120:Generated_Source\PSoC4/ble_custom.c **** #endif /* (CYBLE_CUSTOM_CLIENT) */
 121:Generated_Source\PSoC4/ble_custom.c **** }
  33              		.loc 1 121 0
  34              		@ sp needed
  35 0000 7047     		bx	lr
  36              		.cfi_endproc
  37              	.LFE2:
  38              		.size	CyBle_CustomInit, .-CyBle_CustomInit
  39              		.global	cyBle_customs
  40 0002 C046     		.section	.rodata
  41              		.align	2
  42              		.type	cyBle_customs, %object
  43              		.size	cyBle_customs, 20
  44              	cyBle_customs:
  45 0000 0C00     		.short	12
  46 0002 0E00     		.short	14
  47 0004 0F00     		.short	15
  48 0006 0000     		.short	0
  49 0008 1100     		.short	17
  50 000a 1200     		.short	18
ARM GAS  C:\Users\JEROME~1.CRO\AppData\Local\Temp\ccLO14UP.s 			page 4


  51 000c 1300     		.short	19
  52 000e 1500     		.short	21
  53 0010 1600     		.short	22
  54 0012 1700     		.short	23
  55              		.text
  56              	.Letext0:
  57              		.file 2 "Generated_Source\\PSoC4\\cytypes.h"
  58              		.file 3 "Generated_Source\\PSoC4\\ble_StackGatt.h"
  59              		.file 4 "Generated_Source\\PSoC4\\ble_custom.h"
  60              		.file 5 "Generated_Source\\PSoC4\\ble_Stack.h"
  61              		.section	.debug_info,"",%progbits
  62              	.Ldebug_info0:
  63 0000 15030000 		.4byte	0x315
  64 0004 0400     		.2byte	0x4
  65 0006 00000000 		.4byte	.Ldebug_abbrev0
  66 000a 04       		.byte	0x4
  67 000b 01       		.uleb128 0x1
  68 000c CE010000 		.4byte	.LASF94
  69 0010 0C       		.byte	0xc
  70 0011 D9070000 		.4byte	.LASF95
  71 0015 7F070000 		.4byte	.LASF96
  72 0019 00000000 		.4byte	.Ldebug_ranges0+0
  73 001d 00000000 		.4byte	0
  74 0021 00000000 		.4byte	.Ldebug_line0
  75 0025 02       		.uleb128 0x2
  76 0026 01       		.byte	0x1
  77 0027 06       		.byte	0x6
  78 0028 8C050000 		.4byte	.LASF0
  79 002c 02       		.uleb128 0x2
  80 002d 01       		.byte	0x1
  81 002e 08       		.byte	0x8
  82 002f 13050000 		.4byte	.LASF1
  83 0033 02       		.uleb128 0x2
  84 0034 02       		.byte	0x2
  85 0035 05       		.byte	0x5
  86 0036 B7000000 		.4byte	.LASF2
  87 003a 02       		.uleb128 0x2
  88 003b 02       		.byte	0x2
  89 003c 07       		.byte	0x7
  90 003d 6C070000 		.4byte	.LASF3
  91 0041 02       		.uleb128 0x2
  92 0042 04       		.byte	0x4
  93 0043 05       		.byte	0x5
  94 0044 BB030000 		.4byte	.LASF4
  95 0048 02       		.uleb128 0x2
  96 0049 04       		.byte	0x4
  97 004a 07       		.byte	0x7
  98 004b 1D060000 		.4byte	.LASF5
  99 004f 02       		.uleb128 0x2
 100 0050 08       		.byte	0x8
 101 0051 05       		.byte	0x5
 102 0052 23010000 		.4byte	.LASF6
 103 0056 02       		.uleb128 0x2
 104 0057 08       		.byte	0x8
 105 0058 07       		.byte	0x7
 106 0059 6E030000 		.4byte	.LASF7
 107 005d 03       		.uleb128 0x3
ARM GAS  C:\Users\JEROME~1.CRO\AppData\Local\Temp\ccLO14UP.s 			page 5


 108 005e 04       		.byte	0x4
 109 005f 05       		.byte	0x5
 110 0060 696E7400 		.ascii	"int\000"
 111 0064 02       		.uleb128 0x2
 112 0065 04       		.byte	0x4
 113 0066 07       		.byte	0x7
 114 0067 F5050000 		.4byte	.LASF8
 115 006b 04       		.uleb128 0x4
 116 006c FD070000 		.4byte	.LASF86
 117 0070 02       		.byte	0x2
 118 0071 E501     		.2byte	0x1e5
 119 0073 3A000000 		.4byte	0x3a
 120 0077 02       		.uleb128 0x2
 121 0078 04       		.byte	0x4
 122 0079 04       		.byte	0x4
 123 007a 05030000 		.4byte	.LASF9
 124 007e 02       		.uleb128 0x2
 125 007f 08       		.byte	0x8
 126 0080 04       		.byte	0x4
 127 0081 A1080000 		.4byte	.LASF10
 128 0085 02       		.uleb128 0x2
 129 0086 01       		.byte	0x1
 130 0087 08       		.byte	0x8
 131 0088 4B070000 		.4byte	.LASF11
 132 008c 02       		.uleb128 0x2
 133 008d 08       		.byte	0x8
 134 008e 04       		.byte	0x4
 135 008f E1040000 		.4byte	.LASF12
 136 0093 02       		.uleb128 0x2
 137 0094 04       		.byte	0x4
 138 0095 07       		.byte	0x7
 139 0096 F9000000 		.4byte	.LASF13
 140 009a 05       		.uleb128 0x5
 141 009b 01       		.byte	0x1
 142 009c 2C000000 		.4byte	0x2c
 143 00a0 05       		.byte	0x5
 144 00a1 3501     		.2byte	0x135
 145 00a3 58020000 		.4byte	0x258
 146 00a7 06       		.uleb128 0x6
 147 00a8 AF020000 		.4byte	.LASF14
 148 00ac 00       		.byte	0
 149 00ad 06       		.uleb128 0x6
 150 00ae 68010000 		.4byte	.LASF15
 151 00b2 01       		.byte	0x1
 152 00b3 06       		.uleb128 0x6
 153 00b4 270A0000 		.4byte	.LASF16
 154 00b8 02       		.byte	0x2
 155 00b9 06       		.uleb128 0x6
 156 00ba FD080000 		.4byte	.LASF17
 157 00be 03       		.byte	0x3
 158 00bf 06       		.uleb128 0x6
 159 00c0 42010000 		.4byte	.LASF18
 160 00c4 04       		.byte	0x4
 161 00c5 06       		.uleb128 0x6
 162 00c6 4D040000 		.4byte	.LASF19
 163 00ca 05       		.byte	0x5
 164 00cb 06       		.uleb128 0x6
ARM GAS  C:\Users\JEROME~1.CRO\AppData\Local\Temp\ccLO14UP.s 			page 6


 165 00cc 3E000000 		.4byte	.LASF20
 166 00d0 06       		.byte	0x6
 167 00d1 06       		.uleb128 0x6
 168 00d2 5B090000 		.4byte	.LASF21
 169 00d6 20       		.byte	0x20
 170 00d7 06       		.uleb128 0x6
 171 00d8 2F060000 		.4byte	.LASF22
 172 00dc 21       		.byte	0x21
 173 00dd 06       		.uleb128 0x6
 174 00de 00000000 		.4byte	.LASF23
 175 00e2 22       		.byte	0x22
 176 00e3 06       		.uleb128 0x6
 177 00e4 69040000 		.4byte	.LASF24
 178 00e8 23       		.byte	0x23
 179 00e9 06       		.uleb128 0x6
 180 00ea D9050000 		.4byte	.LASF25
 181 00ee 24       		.byte	0x24
 182 00ef 06       		.uleb128 0x6
 183 00f0 C1000000 		.4byte	.LASF26
 184 00f4 25       		.byte	0x25
 185 00f5 06       		.uleb128 0x6
 186 00f6 04040000 		.4byte	.LASF27
 187 00fa 26       		.byte	0x26
 188 00fb 06       		.uleb128 0x6
 189 00fc E5030000 		.4byte	.LASF28
 190 0100 27       		.byte	0x27
 191 0101 06       		.uleb128 0x6
 192 0102 71000000 		.4byte	.LASF29
 193 0106 28       		.byte	0x28
 194 0107 06       		.uleb128 0x6
 195 0108 67060000 		.4byte	.LASF30
 196 010c 29       		.byte	0x29
 197 010d 06       		.uleb128 0x6
 198 010e FB060000 		.4byte	.LASF31
 199 0112 2A       		.byte	0x2a
 200 0113 06       		.uleb128 0x6
 201 0114 41080000 		.4byte	.LASF32
 202 0118 2B       		.byte	0x2b
 203 0119 06       		.uleb128 0x6
 204 011a BF060000 		.4byte	.LASF33
 205 011e 2C       		.byte	0x2c
 206 011f 06       		.uleb128 0x6
 207 0120 24030000 		.4byte	.LASF34
 208 0124 2D       		.byte	0x2d
 209 0125 06       		.uleb128 0x6
 210 0126 93000000 		.4byte	.LASF35
 211 012a 2E       		.byte	0x2e
 212 012b 06       		.uleb128 0x6
 213 012c 110B0000 		.4byte	.LASF36
 214 0130 2F       		.byte	0x2f
 215 0131 06       		.uleb128 0x6
 216 0132 02010000 		.4byte	.LASF37
 217 0136 30       		.byte	0x30
 218 0137 06       		.uleb128 0x6
 219 0138 BD040000 		.4byte	.LASF38
 220 013c 31       		.byte	0x31
 221 013d 06       		.uleb128 0x6
ARM GAS  C:\Users\JEROME~1.CRO\AppData\Local\Temp\ccLO14UP.s 			page 7


 222 013e 4D030000 		.4byte	.LASF39
 223 0142 32       		.byte	0x32
 224 0143 06       		.uleb128 0x6
 225 0144 24070000 		.4byte	.LASF40
 226 0148 33       		.byte	0x33
 227 0149 06       		.uleb128 0x6
 228 014a 84060000 		.4byte	.LASF41
 229 014e 34       		.byte	0x34
 230 014f 06       		.uleb128 0x6
 231 0150 E0080000 		.4byte	.LASF42
 232 0154 35       		.byte	0x35
 233 0155 06       		.uleb128 0x6
 234 0156 9A030000 		.4byte	.LASF43
 235 015a 36       		.byte	0x36
 236 015b 06       		.uleb128 0x6
 237 015c 7B010000 		.4byte	.LASF44
 238 0160 37       		.byte	0x37
 239 0161 06       		.uleb128 0x6
 240 0162 57000000 		.4byte	.LASF45
 241 0166 40       		.byte	0x40
 242 0167 06       		.uleb128 0x6
 243 0168 02060000 		.4byte	.LASF46
 244 016c 41       		.byte	0x41
 245 016d 06       		.uleb128 0x6
 246 016e DB000000 		.4byte	.LASF47
 247 0172 42       		.byte	0x42
 248 0173 06       		.uleb128 0x6
 249 0174 B0010000 		.4byte	.LASF48
 250 0178 43       		.byte	0x43
 251 0179 06       		.uleb128 0x6
 252 017a E5090000 		.4byte	.LASF49
 253 017e 44       		.byte	0x44
 254 017f 06       		.uleb128 0x6
 255 0180 7F090000 		.4byte	.LASF50
 256 0184 45       		.byte	0x45
 257 0185 06       		.uleb128 0x6
 258 0186 C4090000 		.4byte	.LASF51
 259 018a 46       		.byte	0x46
 260 018b 06       		.uleb128 0x6
 261 018c 6E050000 		.4byte	.LASF52
 262 0190 47       		.byte	0x47
 263 0191 06       		.uleb128 0x6
 264 0192 B2050000 		.4byte	.LASF53
 265 0196 48       		.byte	0x48
 266 0197 06       		.uleb128 0x6
 267 0198 0B030000 		.4byte	.LASF54
 268 019c 49       		.byte	0x49
 269 019d 06       		.uleb128 0x6
 270 019e 04080000 		.4byte	.LASF55
 271 01a2 4A       		.byte	0x4a
 272 01a3 06       		.uleb128 0x6
 273 01a4 6F020000 		.4byte	.LASF56
 274 01a8 4B       		.byte	0x4b
 275 01a9 06       		.uleb128 0x6
 276 01aa 98050000 		.4byte	.LASF57
 277 01ae 4C       		.byte	0x4c
 278 01af 06       		.uleb128 0x6
ARM GAS  C:\Users\JEROME~1.CRO\AppData\Local\Temp\ccLO14UP.s 			page 8


 279 01b0 24000000 		.4byte	.LASF58
 280 01b4 4D       		.byte	0x4d
 281 01b5 06       		.uleb128 0x6
 282 01b6 A6090000 		.4byte	.LASF59
 283 01ba 4E       		.byte	0x4e
 284 01bb 06       		.uleb128 0x6
 285 01bc 30050000 		.4byte	.LASF60
 286 01c0 4F       		.byte	0x4f
 287 01c1 06       		.uleb128 0x6
 288 01c2 920A0000 		.4byte	.LASF61
 289 01c6 50       		.byte	0x50
 290 01c7 06       		.uleb128 0x6
 291 01c8 22080000 		.4byte	.LASF62
 292 01cc 51       		.byte	0x51
 293 01cd 06       		.uleb128 0x6
 294 01ce 2C040000 		.4byte	.LASF63
 295 01d2 52       		.byte	0x52
 296 01d3 06       		.uleb128 0x6
 297 01d4 C4030000 		.4byte	.LASF64
 298 01d8 53       		.byte	0x53
 299 01d9 06       		.uleb128 0x6
 300 01da 8E020000 		.4byte	.LASF65
 301 01de 54       		.byte	0x54
 302 01df 06       		.uleb128 0x6
 303 01e0 DB0A0000 		.4byte	.LASF66
 304 01e4 55       		.byte	0x55
 305 01e5 06       		.uleb128 0x6
 306 01e6 700A0000 		.4byte	.LASF67
 307 01ea 56       		.byte	0x56
 308 01eb 06       		.uleb128 0x6
 309 01ec 470A0000 		.4byte	.LASF68
 310 01f0 57       		.byte	0x57
 311 01f1 06       		.uleb128 0x6
 312 01f2 9C060000 		.4byte	.LASF69
 313 01f6 58       		.byte	0x58
 314 01f7 06       		.uleb128 0x6
 315 01f8 ED040000 		.4byte	.LASF70
 316 01fc 70       		.byte	0x70
 317 01fd 06       		.uleb128 0x6
 318 01fe 35090000 		.4byte	.LASF71
 319 0202 71       		.byte	0x71
 320 0203 06       		.uleb128 0x6
 321 0204 50070000 		.4byte	.LASF72
 322 0208 72       		.byte	0x72
 323 0209 06       		.uleb128 0x6
 324 020a C6020000 		.4byte	.LASF73
 325 020e 73       		.byte	0x73
 326 020f 06       		.uleb128 0x6
 327 0210 9F040000 		.4byte	.LASF74
 328 0214 74       		.byte	0x74
 329 0215 06       		.uleb128 0x6
 330 0216 46060000 		.4byte	.LASF75
 331 021a 75       		.byte	0x75
 332 021b 06       		.uleb128 0x6
 333 021c E4020000 		.4byte	.LASF76
 334 0220 76       		.byte	0x76
 335 0221 06       		.uleb128 0x6
ARM GAS  C:\Users\JEROME~1.CRO\AppData\Local\Temp\ccLO14UP.s 			page 9


 336 0222 16090000 		.4byte	.LASF77
 337 0226 77       		.byte	0x77
 338 0227 06       		.uleb128 0x6
 339 0228 7E080000 		.4byte	.LASF78
 340 022c 78       		.byte	0x78
 341 022d 06       		.uleb128 0x6
 342 022e A8080000 		.4byte	.LASF79
 343 0232 79       		.byte	0x79
 344 0233 06       		.uleb128 0x6
 345 0234 030A0000 		.4byte	.LASF80
 346 0238 7A       		.byte	0x7a
 347 0239 06       		.uleb128 0x6
 348 023a 60080000 		.4byte	.LASF81
 349 023e FA       		.byte	0xfa
 350 023f 06       		.uleb128 0x6
 351 0240 4F050000 		.4byte	.LASF82
 352 0244 FB       		.byte	0xfb
 353 0245 06       		.uleb128 0x6
 354 0246 FF0A0000 		.4byte	.LASF83
 355 024a FC       		.byte	0xfc
 356 024b 06       		.uleb128 0x6
 357 024c E3060000 		.4byte	.LASF84
 358 0250 FD       		.byte	0xfd
 359 0251 06       		.uleb128 0x6
 360 0252 390A0000 		.4byte	.LASF85
 361 0256 FF       		.byte	0xff
 362 0257 00       		.byte	0
 363 0258 04       		.uleb128 0x4
 364 0259 B10A0000 		.4byte	.LASF87
 365 025d 03       		.byte	0x3
 366 025e 8901     		.2byte	0x189
 367 0260 6B000000 		.4byte	0x6b
 368 0264 07       		.uleb128 0x7
 369 0265 06       		.byte	0x6
 370 0266 04       		.byte	0x4
 371 0267 4F       		.byte	0x4f
 372 0268 85020000 		.4byte	0x285
 373 026c 08       		.uleb128 0x8
 374 026d CB080000 		.4byte	.LASF88
 375 0271 04       		.byte	0x4
 376 0272 52       		.byte	0x52
 377 0273 58020000 		.4byte	0x258
 378 0277 00       		.byte	0
 379 0278 08       		.uleb128 0x8
 380 0279 5C020000 		.4byte	.LASF89
 381 027d 04       		.byte	0x4
 382 027e 54       		.byte	0x54
 383 027f 85020000 		.4byte	0x285
 384 0283 02       		.byte	0x2
 385 0284 00       		.byte	0
 386 0285 09       		.uleb128 0x9
 387 0286 58020000 		.4byte	0x258
 388 028a 95020000 		.4byte	0x295
 389 028e 0A       		.uleb128 0xa
 390 028f 93000000 		.4byte	0x93
 391 0293 01       		.byte	0x1
 392 0294 00       		.byte	0
ARM GAS  C:\Users\JEROME~1.CRO\AppData\Local\Temp\ccLO14UP.s 			page 10


 393 0295 0B       		.uleb128 0xb
 394 0296 85030000 		.4byte	.LASF90
 395 029a 04       		.byte	0x4
 396 029b 56       		.byte	0x56
 397 029c 64020000 		.4byte	0x264
 398 02a0 07       		.uleb128 0x7
 399 02a1 14       		.byte	0x14
 400 02a2 04       		.byte	0x4
 401 02a3 59       		.byte	0x59
 402 02a4 C1020000 		.4byte	0x2c1
 403 02a8 08       		.uleb128 0x8
 404 02a9 31010000 		.4byte	.LASF91
 405 02ad 04       		.byte	0x4
 406 02ae 5C       		.byte	0x5c
 407 02af 58020000 		.4byte	0x258
 408 02b3 00       		.byte	0
 409 02b4 08       		.uleb128 0x8
 410 02b5 21050000 		.4byte	.LASF92
 411 02b9 04       		.byte	0x4
 412 02ba 5F       		.byte	0x5f
 413 02bb C1020000 		.4byte	0x2c1
 414 02bf 02       		.byte	0x2
 415 02c0 00       		.byte	0
 416 02c1 09       		.uleb128 0x9
 417 02c2 95020000 		.4byte	0x295
 418 02c6 D1020000 		.4byte	0x2d1
 419 02ca 0A       		.uleb128 0xa
 420 02cb 93000000 		.4byte	0x93
 421 02cf 02       		.byte	0x2
 422 02d0 00       		.byte	0
 423 02d1 0B       		.uleb128 0xb
 424 02d2 8F040000 		.4byte	.LASF93
 425 02d6 04       		.byte	0x4
 426 02d7 61       		.byte	0x61
 427 02d8 A0020000 		.4byte	0x2a0
 428 02dc 0C       		.uleb128 0xc
 429 02dd 57010000 		.4byte	.LASF97
 430 02e1 01       		.byte	0x1
 431 02e2 5B       		.byte	0x5b
 432 02e3 00000000 		.4byte	.LFB2
 433 02e7 02000000 		.4byte	.LFE2-.LFB2
 434 02eb 01       		.uleb128 0x1
 435 02ec 9C       		.byte	0x9c
 436 02ed 09       		.uleb128 0x9
 437 02ee FD020000 		.4byte	0x2fd
 438 02f2 FD020000 		.4byte	0x2fd
 439 02f6 0A       		.uleb128 0xa
 440 02f7 93000000 		.4byte	0x93
 441 02fb 00       		.byte	0
 442 02fc 00       		.byte	0
 443 02fd 0D       		.uleb128 0xd
 444 02fe D1020000 		.4byte	0x2d1
 445 0302 0E       		.uleb128 0xe
 446 0303 CD0A0000 		.4byte	.LASF98
 447 0307 01       		.byte	0x1
 448 0308 1A       		.byte	0x1a
 449 0309 13030000 		.4byte	0x313
ARM GAS  C:\Users\JEROME~1.CRO\AppData\Local\Temp\ccLO14UP.s 			page 11


 450 030d 05       		.uleb128 0x5
 451 030e 03       		.byte	0x3
 452 030f 00000000 		.4byte	cyBle_customs
 453 0313 0D       		.uleb128 0xd
 454 0314 ED020000 		.4byte	0x2ed
 455 0318 00       		.byte	0
 456              		.section	.debug_abbrev,"",%progbits
 457              	.Ldebug_abbrev0:
 458 0000 01       		.uleb128 0x1
 459 0001 11       		.uleb128 0x11
 460 0002 01       		.byte	0x1
 461 0003 25       		.uleb128 0x25
 462 0004 0E       		.uleb128 0xe
 463 0005 13       		.uleb128 0x13
 464 0006 0B       		.uleb128 0xb
 465 0007 03       		.uleb128 0x3
 466 0008 0E       		.uleb128 0xe
 467 0009 1B       		.uleb128 0x1b
 468 000a 0E       		.uleb128 0xe
 469 000b 55       		.uleb128 0x55
 470 000c 17       		.uleb128 0x17
 471 000d 11       		.uleb128 0x11
 472 000e 01       		.uleb128 0x1
 473 000f 10       		.uleb128 0x10
 474 0010 17       		.uleb128 0x17
 475 0011 00       		.byte	0
 476 0012 00       		.byte	0
 477 0013 02       		.uleb128 0x2
 478 0014 24       		.uleb128 0x24
 479 0015 00       		.byte	0
 480 0016 0B       		.uleb128 0xb
 481 0017 0B       		.uleb128 0xb
 482 0018 3E       		.uleb128 0x3e
 483 0019 0B       		.uleb128 0xb
 484 001a 03       		.uleb128 0x3
 485 001b 0E       		.uleb128 0xe
 486 001c 00       		.byte	0
 487 001d 00       		.byte	0
 488 001e 03       		.uleb128 0x3
 489 001f 24       		.uleb128 0x24
 490 0020 00       		.byte	0
 491 0021 0B       		.uleb128 0xb
 492 0022 0B       		.uleb128 0xb
 493 0023 3E       		.uleb128 0x3e
 494 0024 0B       		.uleb128 0xb
 495 0025 03       		.uleb128 0x3
 496 0026 08       		.uleb128 0x8
 497 0027 00       		.byte	0
 498 0028 00       		.byte	0
 499 0029 04       		.uleb128 0x4
 500 002a 16       		.uleb128 0x16
 501 002b 00       		.byte	0
 502 002c 03       		.uleb128 0x3
 503 002d 0E       		.uleb128 0xe
 504 002e 3A       		.uleb128 0x3a
 505 002f 0B       		.uleb128 0xb
 506 0030 3B       		.uleb128 0x3b
ARM GAS  C:\Users\JEROME~1.CRO\AppData\Local\Temp\ccLO14UP.s 			page 12


 507 0031 05       		.uleb128 0x5
 508 0032 49       		.uleb128 0x49
 509 0033 13       		.uleb128 0x13
 510 0034 00       		.byte	0
 511 0035 00       		.byte	0
 512 0036 05       		.uleb128 0x5
 513 0037 04       		.uleb128 0x4
 514 0038 01       		.byte	0x1
 515 0039 0B       		.uleb128 0xb
 516 003a 0B       		.uleb128 0xb
 517 003b 49       		.uleb128 0x49
 518 003c 13       		.uleb128 0x13
 519 003d 3A       		.uleb128 0x3a
 520 003e 0B       		.uleb128 0xb
 521 003f 3B       		.uleb128 0x3b
 522 0040 05       		.uleb128 0x5
 523 0041 01       		.uleb128 0x1
 524 0042 13       		.uleb128 0x13
 525 0043 00       		.byte	0
 526 0044 00       		.byte	0
 527 0045 06       		.uleb128 0x6
 528 0046 28       		.uleb128 0x28
 529 0047 00       		.byte	0
 530 0048 03       		.uleb128 0x3
 531 0049 0E       		.uleb128 0xe
 532 004a 1C       		.uleb128 0x1c
 533 004b 0B       		.uleb128 0xb
 534 004c 00       		.byte	0
 535 004d 00       		.byte	0
 536 004e 07       		.uleb128 0x7
 537 004f 13       		.uleb128 0x13
 538 0050 01       		.byte	0x1
 539 0051 0B       		.uleb128 0xb
 540 0052 0B       		.uleb128 0xb
 541 0053 3A       		.uleb128 0x3a
 542 0054 0B       		.uleb128 0xb
 543 0055 3B       		.uleb128 0x3b
 544 0056 0B       		.uleb128 0xb
 545 0057 01       		.uleb128 0x1
 546 0058 13       		.uleb128 0x13
 547 0059 00       		.byte	0
 548 005a 00       		.byte	0
 549 005b 08       		.uleb128 0x8
 550 005c 0D       		.uleb128 0xd
 551 005d 00       		.byte	0
 552 005e 03       		.uleb128 0x3
 553 005f 0E       		.uleb128 0xe
 554 0060 3A       		.uleb128 0x3a
 555 0061 0B       		.uleb128 0xb
 556 0062 3B       		.uleb128 0x3b
 557 0063 0B       		.uleb128 0xb
 558 0064 49       		.uleb128 0x49
 559 0065 13       		.uleb128 0x13
 560 0066 38       		.uleb128 0x38
 561 0067 0B       		.uleb128 0xb
 562 0068 00       		.byte	0
 563 0069 00       		.byte	0
ARM GAS  C:\Users\JEROME~1.CRO\AppData\Local\Temp\ccLO14UP.s 			page 13


 564 006a 09       		.uleb128 0x9
 565 006b 01       		.uleb128 0x1
 566 006c 01       		.byte	0x1
 567 006d 49       		.uleb128 0x49
 568 006e 13       		.uleb128 0x13
 569 006f 01       		.uleb128 0x1
 570 0070 13       		.uleb128 0x13
 571 0071 00       		.byte	0
 572 0072 00       		.byte	0
 573 0073 0A       		.uleb128 0xa
 574 0074 21       		.uleb128 0x21
 575 0075 00       		.byte	0
 576 0076 49       		.uleb128 0x49
 577 0077 13       		.uleb128 0x13
 578 0078 2F       		.uleb128 0x2f
 579 0079 0B       		.uleb128 0xb
 580 007a 00       		.byte	0
 581 007b 00       		.byte	0
 582 007c 0B       		.uleb128 0xb
 583 007d 16       		.uleb128 0x16
 584 007e 00       		.byte	0
 585 007f 03       		.uleb128 0x3
 586 0080 0E       		.uleb128 0xe
 587 0081 3A       		.uleb128 0x3a
 588 0082 0B       		.uleb128 0xb
 589 0083 3B       		.uleb128 0x3b
 590 0084 0B       		.uleb128 0xb
 591 0085 49       		.uleb128 0x49
 592 0086 13       		.uleb128 0x13
 593 0087 00       		.byte	0
 594 0088 00       		.byte	0
 595 0089 0C       		.uleb128 0xc
 596 008a 2E       		.uleb128 0x2e
 597 008b 00       		.byte	0
 598 008c 3F       		.uleb128 0x3f
 599 008d 19       		.uleb128 0x19
 600 008e 03       		.uleb128 0x3
 601 008f 0E       		.uleb128 0xe
 602 0090 3A       		.uleb128 0x3a
 603 0091 0B       		.uleb128 0xb
 604 0092 3B       		.uleb128 0x3b
 605 0093 0B       		.uleb128 0xb
 606 0094 27       		.uleb128 0x27
 607 0095 19       		.uleb128 0x19
 608 0096 11       		.uleb128 0x11
 609 0097 01       		.uleb128 0x1
 610 0098 12       		.uleb128 0x12
 611 0099 06       		.uleb128 0x6
 612 009a 40       		.uleb128 0x40
 613 009b 18       		.uleb128 0x18
 614 009c 9742     		.uleb128 0x2117
 615 009e 19       		.uleb128 0x19
 616 009f 00       		.byte	0
 617 00a0 00       		.byte	0
 618 00a1 0D       		.uleb128 0xd
 619 00a2 26       		.uleb128 0x26
 620 00a3 00       		.byte	0
ARM GAS  C:\Users\JEROME~1.CRO\AppData\Local\Temp\ccLO14UP.s 			page 14


 621 00a4 49       		.uleb128 0x49
 622 00a5 13       		.uleb128 0x13
 623 00a6 00       		.byte	0
 624 00a7 00       		.byte	0
 625 00a8 0E       		.uleb128 0xe
 626 00a9 34       		.uleb128 0x34
 627 00aa 00       		.byte	0
 628 00ab 03       		.uleb128 0x3
 629 00ac 0E       		.uleb128 0xe
 630 00ad 3A       		.uleb128 0x3a
 631 00ae 0B       		.uleb128 0xb
 632 00af 3B       		.uleb128 0x3b
 633 00b0 0B       		.uleb128 0xb
 634 00b1 49       		.uleb128 0x49
 635 00b2 13       		.uleb128 0x13
 636 00b3 3F       		.uleb128 0x3f
 637 00b4 19       		.uleb128 0x19
 638 00b5 02       		.uleb128 0x2
 639 00b6 18       		.uleb128 0x18
 640 00b7 00       		.byte	0
 641 00b8 00       		.byte	0
 642 00b9 00       		.byte	0
 643              		.section	.debug_aranges,"",%progbits
 644 0000 1C000000 		.4byte	0x1c
 645 0004 0200     		.2byte	0x2
 646 0006 00000000 		.4byte	.Ldebug_info0
 647 000a 04       		.byte	0x4
 648 000b 00       		.byte	0
 649 000c 0000     		.2byte	0
 650 000e 0000     		.2byte	0
 651 0010 00000000 		.4byte	.LFB2
 652 0014 02000000 		.4byte	.LFE2-.LFB2
 653 0018 00000000 		.4byte	0
 654 001c 00000000 		.4byte	0
 655              		.section	.debug_ranges,"",%progbits
 656              	.Ldebug_ranges0:
 657 0000 00000000 		.4byte	.LFB2
 658 0004 02000000 		.4byte	.LFE2
 659 0008 00000000 		.4byte	0
 660 000c 00000000 		.4byte	0
 661              		.section	.debug_line,"",%progbits
 662              	.Ldebug_line0:
 663 0000 92000000 		.section	.debug_str,"MS",%progbits,1
 663      02007900 
 663      00000201 
 663      FB0E0D00 
 663      01010101 
 664              	.LASF23:
 665 0000 4359424C 		.ascii	"CYBLE_EVT_GAP_PASSKEY_ENTRY_REQUEST\000"
 665      455F4556 
 665      545F4741 
 665      505F5041 
 665      53534B45 
 666              	.LASF58:
 667 0024 4359424C 		.ascii	"CYBLE_EVT_GATTC_WRITE_RSP\000"
 667      455F4556 
 667      545F4741 
ARM GAS  C:\Users\JEROME~1.CRO\AppData\Local\Temp\ccLO14UP.s 			page 15


 667      5454435F 
 667      57524954 
 668              	.LASF20:
 669 003e 4359424C 		.ascii	"CYBLE_EVT_MEMORY_REQUEST\000"
 669      455F4556 
 669      545F4D45 
 669      4D4F5259 
 669      5F524551 
 670              	.LASF45:
 671 0057 4359424C 		.ascii	"CYBLE_EVT_GATTC_ERROR_RSP\000"
 671      455F4556 
 671      545F4741 
 671      5454435F 
 671      4552524F 
 672              	.LASF29:
 673 0071 4359424C 		.ascii	"CYBLE_EVT_GAP_DEVICE_DISCONNECTED\000"
 673      455F4556 
 673      545F4741 
 673      505F4445 
 673      56494345 
 674              	.LASF35:
 675 0093 4359424C 		.ascii	"CYBLE_EVT_GAP_KEYPRESS_NOTIFICATION\000"
 675      455F4556 
 675      545F4741 
 675      505F4B45 
 675      59505245 
 676              	.LASF2:
 677 00b7 73686F72 		.ascii	"short int\000"
 677      7420696E 
 677      7400
 678              	.LASF26:
 679 00c1 4359424C 		.ascii	"CYBLE_EVT_GAP_AUTH_FAILED\000"
 679      455F4556 
 679      545F4741 
 679      505F4155 
 679      54485F46 
 680              	.LASF47:
 681 00db 4359424C 		.ascii	"CYBLE_EVT_GATT_DISCONNECT_IND\000"
 681      455F4556 
 681      545F4741 
 681      54545F44 
 681      4953434F 
 682              	.LASF13:
 683 00f9 73697A65 		.ascii	"sizetype\000"
 683      74797065 
 683      00
 684              	.LASF37:
 685 0102 4359424C 		.ascii	"CYBLE_EVT_GAP_DATA_LENGTH_CHANGE\000"
 685      455F4556 
 685      545F4741 
 685      505F4441 
 685      54415F4C 
 686              	.LASF6:
 687 0123 6C6F6E67 		.ascii	"long long int\000"
 687      206C6F6E 
 687      6720696E 
 687      7400
ARM GAS  C:\Users\JEROME~1.CRO\AppData\Local\Temp\ccLO14UP.s 			page 16


 688              	.LASF91:
 689 0131 63757374 		.ascii	"customServHandle\000"
 689      6F6D5365 
 689      72764861 
 689      6E646C65 
 689      00
 690              	.LASF18:
 691 0142 4359424C 		.ascii	"CYBLE_EVT_HCI_STATUS\000"
 691      455F4556 
 691      545F4843 
 691      495F5354 
 691      41545553 
 692              	.LASF97:
 693 0157 4379426C 		.ascii	"CyBle_CustomInit\000"
 693      655F4375 
 693      73746F6D 
 693      496E6974 
 693      00
 694              	.LASF15:
 695 0168 4359424C 		.ascii	"CYBLE_EVT_STACK_ON\000"
 695      455F4556 
 695      545F5354 
 695      41434B5F 
 695      4F4E00
 696              	.LASF44:
 697 017b 4359424C 		.ascii	"CYBLE_EVT_GAP_SMP_LOC_P256_KEYS_GEN_AND_SET_COMPLET"
 697      455F4556 
 697      545F4741 
 697      505F534D 
 697      505F4C4F 
 698 01ae 4500     		.ascii	"E\000"
 699              	.LASF48:
 700 01b0 4359424C 		.ascii	"CYBLE_EVT_GATTS_XCNHG_MTU_REQ\000"
 700      455F4556 
 700      545F4741 
 700      5454535F 
 700      58434E48 
 701              	.LASF94:
 702 01ce 474E5520 		.ascii	"GNU C11 5.4.1 20160609 (release) [ARM/embedded-5-br"
 702      43313120 
 702      352E342E 
 702      31203230 
 702      31363036 
 703 0201 616E6368 		.ascii	"anch revision 237715] -mcpu=cortex-m0 -mthumb -g -O"
 703      20726576 
 703      6973696F 
 703      6E203233 
 703      37373135 
 704 0234 67202D66 		.ascii	"g -ffunction-sections -ffat-lto-objects\000"
 704      66756E63 
 704      74696F6E 
 704      2D736563 
 704      74696F6E 
 705              	.LASF89:
 706 025c 63757374 		.ascii	"customServCharDesc\000"
 706      6F6D5365 
 706      72764368 
ARM GAS  C:\Users\JEROME~1.CRO\AppData\Local\Temp\ccLO14UP.s 			page 17


 706      61724465 
 706      736300
 707              	.LASF56:
 708 026f 4359424C 		.ascii	"CYBLE_EVT_GATTC_READ_MULTI_RSP\000"
 708      455F4556 
 708      545F4741 
 708      5454435F 
 708      52454144 
 709              	.LASF65:
 710 028e 4359424C 		.ascii	"CYBLE_EVT_GATTS_HANDLE_VALUE_CNF\000"
 710      455F4556 
 710      545F4741 
 710      5454535F 
 710      48414E44 
 711              	.LASF14:
 712 02af 4359424C 		.ascii	"CYBLE_EVT_HOST_INVALID\000"
 712      455F4556 
 712      545F484F 
 712      53545F49 
 712      4E56414C 
 713              	.LASF73:
 714 02c6 4359424C 		.ascii	"CYBLE_EVT_L2CAP_CBFC_CONN_IND\000"
 714      455F4556 
 714      545F4C32 
 714      4341505F 
 714      43424643 
 715              	.LASF76:
 716 02e4 4359424C 		.ascii	"CYBLE_EVT_L2CAP_CBFC_DISCONN_CNF\000"
 716      455F4556 
 716      545F4C32 
 716      4341505F 
 716      43424643 
 717              	.LASF9:
 718 0305 666C6F61 		.ascii	"float\000"
 718      7400
 719              	.LASF54:
 720 030b 4359424C 		.ascii	"CYBLE_EVT_GATTC_READ_RSP\000"
 720      455F4556 
 720      545F4741 
 720      5454435F 
 720      52454144 
 721              	.LASF34:
 722 0324 4359424C 		.ascii	"CYBLE_EVT_GAP_NUMERIC_COMPARISON_REQUEST\000"
 722      455F4556 
 722      545F4741 
 722      505F4E55 
 722      4D455249 
 723              	.LASF39:
 724 034d 4359424C 		.ascii	"CYBLE_EVT_GAPC_DIRECT_ADV_REPORT\000"
 724      455F4556 
 724      545F4741 
 724      50435F44 
 724      49524543 
 725              	.LASF7:
 726 036e 6C6F6E67 		.ascii	"long long unsigned int\000"
 726      206C6F6E 
 726      6720756E 
ARM GAS  C:\Users\JEROME~1.CRO\AppData\Local\Temp\ccLO14UP.s 			page 18


 726      7369676E 
 726      65642069 
 727              	.LASF90:
 728 0385 4359424C 		.ascii	"CYBLE_CUSTOMS_INFO_T\000"
 728      455F4355 
 728      53544F4D 
 728      535F494E 
 728      464F5F54 
 729              	.LASF43:
 730 039a 4359424C 		.ascii	"CYBLE_EVT_GAP_AUTH_REQ_REPLY_ERR\000"
 730      455F4556 
 730      545F4741 
 730      505F4155 
 730      54485F52 
 731              	.LASF4:
 732 03bb 6C6F6E67 		.ascii	"long int\000"
 732      20696E74 
 732      00
 733              	.LASF64:
 734 03c4 4359424C 		.ascii	"CYBLE_EVT_GATTC_HANDLE_VALUE_IND\000"
 734      455F4556 
 734      545F4741 
 734      5454435F 
 734      48414E44 
 735              	.LASF28:
 736 03e5 4359424C 		.ascii	"CYBLE_EVT_GAP_DEVICE_CONNECTED\000"
 736      455F4556 
 736      545F4741 
 736      505F4445 
 736      56494345 
 737              	.LASF27:
 738 0404 4359424C 		.ascii	"CYBLE_EVT_GAPP_ADVERTISEMENT_START_STOP\000"
 738      455F4556 
 738      545F4741 
 738      50505F41 
 738      44564552 
 739              	.LASF63:
 740 042c 4359424C 		.ascii	"CYBLE_EVT_GATTC_HANDLE_VALUE_NTF\000"
 740      455F4556 
 740      545F4741 
 740      5454435F 
 740      48414E44 
 741              	.LASF19:
 742 044d 4359424C 		.ascii	"CYBLE_EVT_STACK_BUSY_STATUS\000"
 742      455F4556 
 742      545F5354 
 742      41434B5F 
 742      42555359 
 743              	.LASF24:
 744 0469 4359424C 		.ascii	"CYBLE_EVT_GAP_PASSKEY_DISPLAY_REQUEST\000"
 744      455F4556 
 744      545F4741 
 744      505F5041 
 744      53534B45 
 745              	.LASF93:
 746 048f 4359424C 		.ascii	"CYBLE_CUSTOMS_T\000"
 746      455F4355 
ARM GAS  C:\Users\JEROME~1.CRO\AppData\Local\Temp\ccLO14UP.s 			page 19


 746      53544F4D 
 746      535F5400 
 747              	.LASF74:
 748 049f 4359424C 		.ascii	"CYBLE_EVT_L2CAP_CBFC_CONN_CNF\000"
 748      455F4556 
 748      545F4C32 
 748      4341505F 
 748      43424643 
 749              	.LASF38:
 750 04bd 4359424C 		.ascii	"CYBLE_EVT_GAP_ENHANCE_CONN_COMPLETE\000"
 750      455F4556 
 750      545F4741 
 750      505F454E 
 750      48414E43 
 751              	.LASF12:
 752 04e1 6C6F6E67 		.ascii	"long double\000"
 752      20646F75 
 752      626C6500 
 753              	.LASF70:
 754 04ed 4359424C 		.ascii	"CYBLE_EVT_L2CAP_CONN_PARAM_UPDATE_REQ\000"
 754      455F4556 
 754      545F4C32 
 754      4341505F 
 754      434F4E4E 
 755              	.LASF1:
 756 0513 756E7369 		.ascii	"unsigned char\000"
 756      676E6564 
 756      20636861 
 756      7200
 757              	.LASF92:
 758 0521 63757374 		.ascii	"customServInfo\000"
 758      6F6D5365 
 758      7276496E 
 758      666F00
 759              	.LASF60:
 760 0530 4359424C 		.ascii	"CYBLE_EVT_GATTS_PREP_WRITE_REQ\000"
 760      455F4556 
 760      545F4741 
 760      5454535F 
 760      50524550 
 761              	.LASF82:
 762 054f 4359424C 		.ascii	"CYBLE_EVT_LE_PING_AUTH_TIMEOUT\000"
 762      455F4556 
 762      545F4C45 
 762      5F50494E 
 762      475F4155 
 763              	.LASF52:
 764 056e 4359424C 		.ascii	"CYBLE_EVT_GATTC_FIND_INFO_RSP\000"
 764      455F4556 
 764      545F4741 
 764      5454435F 
 764      46494E44 
 765              	.LASF0:
 766 058c 7369676E 		.ascii	"signed char\000"
 766      65642063 
 766      68617200 
 767              	.LASF57:
ARM GAS  C:\Users\JEROME~1.CRO\AppData\Local\Temp\ccLO14UP.s 			page 20


 768 0598 4359424C 		.ascii	"CYBLE_EVT_GATTS_WRITE_REQ\000"
 768      455F4556 
 768      545F4741 
 768      5454535F 
 768      57524954 
 769              	.LASF53:
 770 05b2 4359424C 		.ascii	"CYBLE_EVT_GATTC_FIND_BY_TYPE_VALUE_RSP\000"
 770      455F4556 
 770      545F4741 
 770      5454435F 
 770      46494E44 
 771              	.LASF25:
 772 05d9 4359424C 		.ascii	"CYBLE_EVT_GAP_AUTH_COMPLETE\000"
 772      455F4556 
 772      545F4741 
 772      505F4155 
 772      54485F43 
 773              	.LASF8:
 774 05f5 756E7369 		.ascii	"unsigned int\000"
 774      676E6564 
 774      20696E74 
 774      00
 775              	.LASF46:
 776 0602 4359424C 		.ascii	"CYBLE_EVT_GATT_CONNECT_IND\000"
 776      455F4556 
 776      545F4741 
 776      54545F43 
 776      4F4E4E45 
 777              	.LASF5:
 778 061d 6C6F6E67 		.ascii	"long unsigned int\000"
 778      20756E73 
 778      69676E65 
 778      6420696E 
 778      7400
 779              	.LASF22:
 780 062f 4359424C 		.ascii	"CYBLE_EVT_GAP_AUTH_REQ\000"
 780      455F4556 
 780      545F4741 
 780      505F4155 
 780      54485F52 
 781              	.LASF75:
 782 0646 4359424C 		.ascii	"CYBLE_EVT_L2CAP_CBFC_DISCONN_IND\000"
 782      455F4556 
 782      545F4C32 
 782      4341505F 
 782      43424643 
 783              	.LASF30:
 784 0667 4359424C 		.ascii	"CYBLE_EVT_GAP_ENCRYPT_CHANGE\000"
 784      455F4556 
 784      545F4741 
 784      505F454E 
 784      43525950 
 785              	.LASF41:
 786 0684 4359424C 		.ascii	"CYBLE_EVT_GAP_CONN_ESTB\000"
 786      455F4556 
 786      545F4741 
 786      505F434F 
ARM GAS  C:\Users\JEROME~1.CRO\AppData\Local\Temp\ccLO14UP.s 			page 21


 786      4E4E5F45 
 787              	.LASF69:
 788 069c 4359424C 		.ascii	"CYBLE_EVT_GATTC_LONG_PROCEDURE_END\000"
 788      455F4556 
 788      545F4741 
 788      5454435F 
 788      4C4F4E47 
 789              	.LASF33:
 790 06bf 4359424C 		.ascii	"CYBLE_EVT_GAP_KEYINFO_EXCHNGE_CMPLT\000"
 790      455F4556 
 790      545F4741 
 790      505F4B45 
 790      59494E46 
 791              	.LASF84:
 792 06e3 4359424C 		.ascii	"CYBLE_EVT_FLASH_CORRUPT\000"
 792      455F4556 
 792      545F464C 
 792      4153485F 
 792      434F5252 
 793              	.LASF31:
 794 06fb 4359424C 		.ascii	"CYBLE_EVT_GAP_CONNECTION_UPDATE_COMPLETE\000"
 794      455F4556 
 794      545F4741 
 794      505F434F 
 794      4E4E4543 
 795              	.LASF40:
 796 0724 4359424C 		.ascii	"CYBLE_EVT_GAP_SMP_NEGOTIATED_AUTH_INFO\000"
 796      455F4556 
 796      545F4741 
 796      505F534D 
 796      505F4E45 
 797              	.LASF11:
 798 074b 63686172 		.ascii	"char\000"
 798      00
 799              	.LASF72:
 800 0750 4359424C 		.ascii	"CYBLE_EVT_L2CAP_COMMAND_REJ\000"
 800      455F4556 
 800      545F4C32 
 800      4341505F 
 800      434F4D4D 
 801              	.LASF3:
 802 076c 73686F72 		.ascii	"short unsigned int\000"
 802      7420756E 
 802      7369676E 
 802      65642069 
 802      6E7400
 803              	.LASF96:
 804 077f 433A5C55 		.ascii	"C:\\Users\\jerome.crocco\\Documents\\GitHub\\bleapp"
 804      73657273 
 804      5C6A6572 
 804      6F6D652E 
 804      63726F63 
 805 07ad 5C50536F 		.ascii	"\\PSoC_Creator\\capsenseled\\capsenseled.cydsn\000"
 805      435F4372 
 805      6561746F 
 805      725C6361 
 805      7073656E 
ARM GAS  C:\Users\JEROME~1.CRO\AppData\Local\Temp\ccLO14UP.s 			page 22


 806              	.LASF95:
 807 07d9 47656E65 		.ascii	"Generated_Source\\PSoC4\\ble_custom.c\000"
 807      72617465 
 807      645F536F 
 807      75726365 
 807      5C50536F 
 808              	.LASF86:
 809 07fd 75696E74 		.ascii	"uint16\000"
 809      313600
 810              	.LASF55:
 811 0804 4359424C 		.ascii	"CYBLE_EVT_GATTC_READ_BLOB_RSP\000"
 811      455F4556 
 811      545F4741 
 811      5454435F 
 811      52454144 
 812              	.LASF62:
 813 0822 4359424C 		.ascii	"CYBLE_EVT_GATTC_EXEC_WRITE_RSP\000"
 813      455F4556 
 813      545F4741 
 813      5454435F 
 813      45584543 
 814              	.LASF32:
 815 0841 4359424C 		.ascii	"CYBLE_EVT_GAPC_SCAN_START_STOP\000"
 815      455F4556 
 815      545F4741 
 815      50435F53 
 815      43414E5F 
 816              	.LASF81:
 817 0860 4359424C 		.ascii	"CYBLE_EVT_PENDING_FLASH_WRITE\000"
 817      455F4556 
 817      545F5045 
 817      4E44494E 
 817      475F464C 
 818              	.LASF78:
 819 087e 4359424C 		.ascii	"CYBLE_EVT_L2CAP_CBFC_RX_CREDIT_IND\000"
 819      455F4556 
 819      545F4C32 
 819      4341505F 
 819      43424643 
 820              	.LASF10:
 821 08a1 646F7562 		.ascii	"double\000"
 821      6C6500
 822              	.LASF79:
 823 08a8 4359424C 		.ascii	"CYBLE_EVT_L2CAP_CBFC_TX_CREDIT_IND\000"
 823      455F4556 
 823      545F4C32 
 823      4341505F 
 823      43424643 
 824              	.LASF88:
 825 08cb 63757374 		.ascii	"customServCharHandle\000"
 825      6F6D5365 
 825      72764368 
 825      61724861 
 825      6E646C65 
 826              	.LASF42:
 827 08e0 4359424C 		.ascii	"CYBLE_EVT_GAP_SCAN_REQ_RECVD\000"
 827      455F4556 
ARM GAS  C:\Users\JEROME~1.CRO\AppData\Local\Temp\ccLO14UP.s 			page 23


 827      545F4741 
 827      505F5343 
 827      414E5F52 
 828              	.LASF17:
 829 08fd 4359424C 		.ascii	"CYBLE_EVT_HARDWARE_ERROR\000"
 829      455F4556 
 829      545F4841 
 829      52445741 
 829      52455F45 
 830              	.LASF77:
 831 0916 4359424C 		.ascii	"CYBLE_EVT_L2CAP_CBFC_DATA_READ\000"
 831      455F4556 
 831      545F4C32 
 831      4341505F 
 831      43424643 
 832              	.LASF71:
 833 0935 4359424C 		.ascii	"CYBLE_EVT_L2CAP_CONN_PARAM_UPDATE_RSP\000"
 833      455F4556 
 833      545F4C32 
 833      4341505F 
 833      434F4E4E 
 834              	.LASF21:
 835 095b 4359424C 		.ascii	"CYBLE_EVT_GAPC_SCAN_PROGRESS_RESULT\000"
 835      455F4556 
 835      545F4741 
 835      50435F53 
 835      43414E5F 
 836              	.LASF50:
 837 097f 4359424C 		.ascii	"CYBLE_EVT_GATTC_READ_BY_GROUP_TYPE_RSP\000"
 837      455F4556 
 837      545F4741 
 837      5454435F 
 837      52454144 
 838              	.LASF59:
 839 09a6 4359424C 		.ascii	"CYBLE_EVT_GATTS_WRITE_CMD_REQ\000"
 839      455F4556 
 839      545F4741 
 839      5454535F 
 839      57524954 
 840              	.LASF51:
 841 09c4 4359424C 		.ascii	"CYBLE_EVT_GATTC_READ_BY_TYPE_RSP\000"
 841      455F4556 
 841      545F4741 
 841      5454435F 
 841      52454144 
 842              	.LASF49:
 843 09e5 4359424C 		.ascii	"CYBLE_EVT_GATTC_XCHNG_MTU_RSP\000"
 843      455F4556 
 843      545F4741 
 843      5454435F 
 843      5843484E 
 844              	.LASF80:
 845 0a03 4359424C 		.ascii	"CYBLE_EVT_L2CAP_CBFC_DATA_WRITE_IND\000"
 845      455F4556 
 845      545F4C32 
 845      4341505F 
 845      43424643 
ARM GAS  C:\Users\JEROME~1.CRO\AppData\Local\Temp\ccLO14UP.s 			page 24


 846              	.LASF16:
 847 0a27 4359424C 		.ascii	"CYBLE_EVT_TIMEOUT\000"
 847      455F4556 
 847      545F5449 
 847      4D454F55 
 847      5400
 848              	.LASF85:
 849 0a39 4359424C 		.ascii	"CYBLE_EVT_MAX\000"
 849      455F4556 
 849      545F4D41 
 849      5800
 850              	.LASF68:
 851 0a47 4359424C 		.ascii	"CYBLE_EVT_GATTS_READ_CHAR_VAL_ACCESS_REQ\000"
 851      455F4556 
 851      545F4741 
 851      5454535F 
 851      52454144 
 852              	.LASF67:
 853 0a70 4359424C 		.ascii	"CYBLE_EVT_GATTC_STOP_CMD_COMPLETE\000"
 853      455F4556 
 853      545F4741 
 853      5454435F 
 853      53544F50 
 854              	.LASF61:
 855 0a92 4359424C 		.ascii	"CYBLE_EVT_GATTS_EXEC_WRITE_REQ\000"
 855      455F4556 
 855      545F4741 
 855      5454535F 
 855      45584543 
 856              	.LASF87:
 857 0ab1 4359424C 		.ascii	"CYBLE_GATT_DB_ATTR_HANDLE_T\000"
 857      455F4741 
 857      54545F44 
 857      425F4154 
 857      54525F48 
 858              	.LASF98:
 859 0acd 6379426C 		.ascii	"cyBle_customs\000"
 859      655F6375 
 859      73746F6D 
 859      7300
 860              	.LASF66:
 861 0adb 4359424C 		.ascii	"CYBLE_EVT_GATTS_DATA_SIGNED_CMD_REQ\000"
 861      455F4556 
 861      545F4741 
 861      5454535F 
 861      44415441 
 862              	.LASF83:
 863 0aff 4359424C 		.ascii	"CYBLE_EVT_HCI_PKT\000"
 863      455F4556 
 863      545F4843 
 863      495F504B 
 863      5400
 864              	.LASF36:
 865 0b11 4359424C 		.ascii	"CYBLE_EVT_GAP_OOB_GENERATED_NOTIFICATION\000"
 865      455F4556 
 865      545F4741 
 865      505F4F4F 
ARM GAS  C:\Users\JEROME~1.CRO\AppData\Local\Temp\ccLO14UP.s 			page 25


 865      425F4745 
 866              		.ident	"GCC: (GNU Tools for ARM Embedded Processors) 5.4.1 20160609 (release) [ARM/embedded-5-bran
