--------------- Build Started: 01/06/2019 19:43:56 Project: capsenseled, Configuration: ARM GCC 5.4-2016-q2-update Debug ---------------
cydsfit.exe -.appdatapath "C:\Users\jerome.crocco\AppData\Local\Cypress Semiconductor\PSoC Creator\4.2" -.fdsnotice -.fdswarpdepfile=warp_dependencies.txt -.fdselabdepfile=elab_dependencies.txt -.fdsbldfile=generated_files.txt -.fdsreffile=referenced_files.txt -p C:\Users\jerome.crocco\Documents\GitHub\BlueCube\_CypressBLE\capsenseled\capsenseled.cydsn\capsenseled.cyprj -d CY8C4247LQI-BL483 -s C:\Users\jerome.crocco\Documents\GitHub\BlueCube\_CypressBLE\capsenseled\capsenseled.cydsn\Generated_Source\PSoC4 -- -yv2 -q10 -ygs -o2 -v3 -.fftcfgtype=LE
Elaborating Design...
ADD: sdb.M0061: information: Info from component: ADC. The actual sample rate (163265 SPS) differs from the desired sample rate (166666 SPS) due to the clock configuration in the DWR.
 * C:\Users\jerome.crocco\Documents\GitHub\BlueCube\_CypressBLE\capsenseled\capsenseled.cydsn\TopDesign\TopDesign.cysch (Instance:ADC)
HDL Generation...
Synthesis...
Tech Mapping...
Analog Placement...
Analog Routing...
Analog Code Generation...
Digital Placement...
Digital Routing...
Bitstream Generation...
Bitstream Verification...
Static timing analysis...
API Generation...
Dependency Generation...
Cleanup...
arm-none-eabi-gcc.exe -mcpu=cortex-m0 -mthumb -I. -IGenerated_Source\PSoC4 -Wa,-alh=.\CortexM0\ARM_GCC_541\Debug/main.lst -g -D DEBUG -Wall -ffunction-sections -ffat-lto-objects -Og -c main.c -o .\CortexM0\ARM_GCC_541\Debug\main.o
arm-none-eabi-gcc.exe -mcpu=cortex-m0 -mthumb -I. -IGenerated_Source\PSoC4 -Wa,-alh=.\CortexM0\ARM_GCC_541\Debug/ble.lst -g -D DEBUG -Wall -ffunction-sections -ffat-lto-objects -Og -c Generated_Source\PSoC4\ble.c -o .\CortexM0\ARM_GCC_541\Debug\ble.o
arm-none-eabi-gcc.exe -mcpu=cortex-m0 -mthumb -I. -IGenerated_Source\PSoC4 -Wa,-alh=.\CortexM0\ARM_GCC_541\Debug/ble_gatt.lst -g -D DEBUG -Wall -ffunction-sections -ffat-lto-objects -Og -c Generated_Source\PSoC4\ble_gatt.c -o .\CortexM0\ARM_GCC_541\Debug\ble_gatt.o
arm-none-eabi-gcc.exe -mcpu=cortex-m0 -mthumb -I. -IGenerated_Source\PSoC4 -Wa,-alh=.\CortexM0\ARM_GCC_541\Debug/ble_eventHandler.lst -g -D DEBUG -Wall -ffunction-sections -ffat-lto-objects -Og -c Generated_Source\PSoC4\ble_eventHandler.c -o .\CortexM0\ARM_GCC_541\Debug\ble_eventHandler.o
arm-none-eabi-gcc.exe -mcpu=cortex-m0 -mthumb -I. -IGenerated_Source\PSoC4 -Wa,-alh=.\CortexM0\ARM_GCC_541\Debug/ble_HAL_INT.lst -g -D DEBUG -Wall -ffunction-sections -ffat-lto-objects -Og -c Generated_Source\PSoC4\ble_HAL_INT.c -o .\CortexM0\ARM_GCC_541\Debug\ble_HAL_INT.o
arm-none-eabi-gcc.exe -mcpu=cortex-m0 -mthumb -I. -IGenerated_Source\PSoC4 -Wa,-alh=.\CortexM0\ARM_GCC_541\Debug/ble_HAL_PVT.lst -g -D DEBUG -Wall -ffunction-sections -ffat-lto-objects -Og -c Generated_Source\PSoC4\ble_HAL_PVT.c -o .\CortexM0\ARM_GCC_541\Debug\ble_HAL_PVT.o
arm-none-eabi-gcc.exe -mcpu=cortex-m0 -mthumb -I. -IGenerated_Source\PSoC4 -Wa,-alh=.\CortexM0\ARM_GCC_541\Debug/ble_custom.lst -g -D DEBUG -Wall -ffunction-sections -ffat-lto-objects -Og -c Generated_Source\PSoC4\ble_custom.c -o .\CortexM0\ARM_GCC_541\Debug\ble_custom.o
arm-none-eabi-ar.exe -rs .\CortexM0\ARM_GCC_541\Debug\capsenseled.a .\CortexM0\ARM_GCC_541\Debug\blue.o .\CortexM0\ARM_GCC_541\Debug\blue_PM.o .\CortexM0\ARM_GCC_541\Debug\red.o .\CortexM0\ARM_GCC_541\Debug\red_PM.o .\CortexM0\ARM_GCC_541\Debug\capsense.o .\CortexM0\ARM_GCC_541\Debug\capsense_PM.o .\CortexM0\ARM_GCC_541\Debug\capsense_CSHL.o .\CortexM0\ARM_GCC_541\Debug\capsense_INT.o .\CortexM0\ARM_GCC_541\Debug\capsense_TunerHelper.o .\CortexM0\ARM_GCC_541\Debug\capsense_SMS.o .\CortexM0\ARM_GCC_541\Debug\ble.o .\CortexM0\ARM_GCC_541\Debug\ble_gatt.o .\CortexM0\ARM_GCC_541\Debug\ble_eventHandler.o .\CortexM0\ARM_GCC_541\Debug\ble_HAL_INT.o .\CortexM0\ARM_GCC_541\Debug\ble_HAL_PVT.o .\CortexM0\ARM_GCC_541\Debug\ble_custom.o .\CortexM0\ARM_GCC_541\Debug\pwm.o .\CortexM0\ARM_GCC_541\Debug\pwm_PM.o .\CortexM0\ARM_GCC_541\Debug\Clock_1.o .\CortexM0\ARM_GCC_541\Debug\capsense_SampleClk.o .\CortexM0\ARM_GCC_541\Debug\capsense_SenseClk.o .\CortexM0\ARM_GCC_541\Debug\ble_bless_isr.o .\CortexM0\ARM_GCC_541\Debug\CyFlash.o .\CortexM0\ARM_GCC_541\Debug\CyLib.o .\CortexM0\ARM_GCC_541\Debug\cyPm.o .\CortexM0\ARM_GCC_541\Debug\cyutils.o .\CortexM0\ARM_GCC_541\Debug\CyLFClk.o .\CortexM0\ARM_GCC_541\Debug\cy_em_eeprom.o .\CortexM0\ARM_GCC_541\Debug\analogIn.o .\CortexM0\ARM_GCC_541\Debug\analogIn_PM.o .\CortexM0\ARM_GCC_541\Debug\ADC.o .\CortexM0\ARM_GCC_541\Debug\ADC_PM.o .\CortexM0\ARM_GCC_541\Debug\ADC_INT.o .\CortexM0\ARM_GCC_541\Debug\ADC_IRQ.o .\CortexM0\ARM_GCC_541\Debug\ADC_intClock.o .\CortexM0\ARM_GCC_541\Debug\CyBootAsmGnu.o
arm-none-eabi-ar.exe: creating .\CortexM0\ARM_GCC_541\Debug\capsenseled.a
arm-none-eabi-gcc.exe -Wl,--start-group -o C:\Users\jerome.crocco\Documents\GitHub\BlueCube\_CypressBLE\capsenseled\capsenseled.cydsn\CortexM0\ARM_GCC_541\Debug\capsenseled.elf .\CortexM0\ARM_GCC_541\Debug\main.o .\CortexM0\ARM_GCC_541\Debug\cyfitter_cfg.o .\CortexM0\ARM_GCC_541\Debug\cymetadata.o .\CortexM0\ARM_GCC_541\Debug\Cm0Start.o .\CortexM0\ARM_GCC_541\Debug\capsenseled.a "..\..\..\..\..\PSoC Creator\4.2\Downloads ( 4.2).cylib\BLE_v3_54\Library\gccCyBLEStack_BLE_SOC_PERIPHERAL.a" "C:\Program Files (x86)\Cypress\PSoC Creator\4.2\PSoC Creator\psoc\content\CyComponentLibrary\CyComponentLibrary.cylib\CapSense_CSD_P4_v2_60\PSoC4\Library\CapsenseP4Library_GCC.a" -mcpu=cortex-m0 -mthumb -L Generated_Source\PSoC4 -Wl,-Map,.\CortexM0\ARM_GCC_541\Debug/capsenseled.map -T Generated_Source\PSoC4\cm0gcc.ld -specs=nano.specs -Wl,--gc-sections -g -ffunction-sections -Og -ffat-lto-objects -Wl,--end-group
cyelftool.exe -C C:\Users\jerome.crocco\Documents\GitHub\BlueCube\_CypressBLE\capsenseled\capsenseled.cydsn\CortexM0\ARM_GCC_541\Debug\capsenseled.elf --flash_row_size 128 --flash_size 131072 --flash_offset 0x00000000
No ELF section .cychecksum found, creating one
Application checksum calculated and stored in ELF section .cychecksum
Checksum calculated and stored in ELF section .cymeta
cyelftool.exe -S C:\Users\jerome.crocco\Documents\GitHub\BlueCube\_CypressBLE\capsenseled\capsenseled.cydsn\CortexM0\ARM_GCC_541\Debug\capsenseled.elf
Flash used: 86812 of 131072 bytes (66.2 %).
SRAM used: 11312 of 16384 bytes (69.0 %). Stack: 2048 bytes. Heap: 128 bytes.
--------------- Build Succeeded: 01/06/2019 19:44:08 ---------------
